<?xml version="1.0" encoding="UTF-8"?>
<!-- Generated by org.testng.reporters.JUnitReportReporter -->
<testsuite skipped="0" hostname="LAPTOP-F3I22UON" name="QA.Mavenjava.AppiumTest" tests="2" failures="0" timestamp="2020-09-01T09:20:05 PDT" time="0.009" errors="0">
  <testcase name="android" time="0.008" classname="QA.Mavenjava.AppiumTest"/>
  <system-out/>
  <testcase name="ios" time="0.001" classname="QA.Mavenjava.AppiumTest"/>
  <system-out/>
</testsuite> <!-- QA.Mavenjava.AppiumTest -->
