<?xml version="1.0" encoding="UTF-8"?>
<!-- Generated by org.testng.reporters.JUnitReportReporter -->
<testsuite skipped="0" hostname="LAPTOP-F3I22UON" name="testNG.ClassTNG4" tests="1" failures="0" timestamp="2020-08-20T04:00:49 PDT" time="0.006" errors="0">
  <testcase name="Login" time="0.006" classname="testNG.ClassTNG4"/>
  <system-out/>
</testsuite> <!-- testNG.ClassTNG4 -->
