<?xml version="1.0" encoding="UTF-8"?>
<!-- Generated by org.testng.reporters.JUnitReportReporter -->
<testsuite skipped="0" hostname="LAPTOP-F3I22UON" name="testNG.ClassTNG1" tests="3" failures="0" timestamp="2020-08-20T04:00:49 PDT" time="0.013" errors="0">
  <testcase name="Demo1" time="0.007" classname="testNG.ClassTNG1"/>
  <system-out/>
  <testcase name="Demo1" time="0.003" classname="testNG.ClassTNG1"/>
  <system-out/>
  <testcase name="Demo1" time="0.003" classname="testNG.ClassTNG1"/>
  <system-out/>
</testsuite> <!-- testNG.ClassTNG1 -->
