<?xml version="1.0" encoding="UTF-8"?>
<!-- Generated by org.testng.reporters.JUnitReportReporter -->
<testsuite skipped="0" hostname="LAPTOP-F3I22UON" name="testNG.ClassTNG3" tests="1" failures="0" timestamp="2020-08-20T04:00:49 PDT" time="0.009" errors="0">
  <testcase name="WebbikeLogin" time="0.009" classname="testNG.ClassTNG3"/>
  <system-out/>
</testsuite> <!-- testNG.ClassTNG3 -->
