<?xml version="1.0" encoding="UTF-8"?>
<!-- Generated by org.testng.reporters.JUnitReportReporter -->
<testsuite hostname="LAPTOP-F3I22UON" name="Academy.E2E.ValidateTitle" tests="1" failures="0" timestamp="29 Sep 2020 16:26:54 GMT" time="0.038" errors="0">
  <testcase name="basePageNavigation" time="0.038" classname="Academy.E2E.ValidateTitle"/>
</testsuite> <!-- Academy.E2E.ValidateTitle -->
